# JRE version: Java(TM) SE Runtime Environment (8.0_121-b13) (build 1.8.0_121-b13)
# Java VM: Java HotSpot(TM) 64-Bit Server VM (25.121-b13 mixed mode windows-amd64 compressed oops)
Heap:
 PSYoungGen      total 140288K, used 36706K [0x00000000f5580000, 0x00000000feb80000, 0x0000000100000000)
  eden space 127488K, 28% used [0x00000000f5580000,0x00000000f79589f0,0x00000000fd200000)
  from space 12800K, 0% used [0x00000000fd200000,0x00000000fd200000,0x00000000fde80000)
  to   space 12800K, 0% used [0x00000000fdf00000,0x00000000fdf00000,0x00000000feb80000)
 ParOldGen       total 38912K, used 5792K [0x00000000e0000000, 0x00000000e2600000, 0x00000000f5580000)
  object space 38912K, 14% used [0x00000000e0000000,0x00000000e05a8010,0x00000000e2600000)
 Metaspace       used 28147K, capacity 29035K, committed 29232K, reserved 1075200K
  class space    used 3308K, capacity 3499K, committed 3632K, reserved 1048576K
GC Heap History (10 events):
Event: 51.405 GC heap before
{Heap before GC invocations=11 (full 2):
 PSYoungGen      total 131072K, used 3065K [0x00000000f5580000, 0x00000000fea80000, 0x0000000100000000)
  eden space 128000K, 0% used [0x00000000f5580000,0x00000000f5580000,0x00000000fd280000)
  from space 3072K, 99% used [0x00000000fd280000,0x00000000fd57e430,0x00000000fd580000)
  to   space 12288K, 0% used [0x00000000fde80000,0x00000000fde80000,0x00000000fea80000)
 ParOldGen       total 38912K, used 11236K [0x00000000e0000000, 0x00000000e2600000, 0x00000000f5580000)
  object space 38912K, 28% used [0x00000000e0000000,0x00000000e0af9288,0x00000000e2600000)
 Metaspace       used 27407K, capacity 27963K, committed 28336K, reserved 1075200K
  class space    used 3254K, capacity 3386K, committed 3504K, reserved 1048576K
Event: 51.457 GC heap after
Heap after GC invocations=11 (full 2):
 PSYoungGen      total 131072K, used 0K [0x00000000f5580000, 0x00000000fea80000, 0x0000000100000000)
  eden space 128000K, 0% used [0x00000000f5580000,0x00000000f5580000,0x00000000fd280000)
  from space 3072K, 0% used [0x00000000fd280000,0x00000000fd280000,0x00000000fd580000)
  to   space 12288K, 0% used [0x00000000fde80000,0x00000000fde80000,0x00000000fea80000)
 ParOldGen       total 38912K, used 6087K [0x00000000e0000000, 0x00000000e2600000, 0x00000000f5580000)
  object space 38912K, 15% used [0x00000000e0000000,0x00000000e05f1e98,0x00000000e2600000)
 Metaspace       used 27311K, capacity 27843K, committed 28336K, reserved 1075200K
  class space    used 3227K, capacity 3354K, committed 3504K, reserved 1048576K
}
Event: 51.743 GC heap before
{Heap before GC invocations=12 (full 2):
 PSYoungGen      total 131072K, used 38561K [0x00000000f5580000, 0x00000000fea80000, 0x0000000100000000)
  eden space 128000K, 30% used [0x00000000f5580000,0x00000000f7b284e8,0x00000000fd280000)
  from space 3072K, 0% used [0x00000000fd280000,0x00000000fd280000,0x00000000fd580000)
  to   space 12288K, 0% used [0x00000000fde80000,0x00000000fde80000,0x00000000fea80000)
 ParOldGen       total 38912K, used 6087K [0x00000000e0000000, 0x00000000e2600000, 0x00000000f5580000)
  object space 38912K, 15% used [0x00000000e0000000,0x00000000e05f1e98,0x00000000e2600000)
 Metaspace       used 27370K, capacity 27889K, committed 28336K, reserved 1075200K
  class space    used 3237K, capacity 3366K, committed 3504K, reserved 1048576K
Event: 51.744 GC heap after
Heap after GC invocations=12 (full 2):
 PSYoungGen      total 139776K, used 154K [0x00000000f5580000, 0x00000000feb80000, 0x0000000100000000)
  eden space 127488K, 0% used [0x00000000f5580000,0x00000000f5580000,0x00000000fd200000)
  from space 12288K, 1% used [0x00000000fde80000,0x00000000fdea6bc8,0x00000000fea80000)
  to   space 12800K, 0% used [0x00000000fd200000,0x00000000fd200000,0x00000000fde80000)
 ParOldGen       total 38912K, used 6095K [0x00000000e0000000, 0x00000000e2600000, 0x00000000f5580000)
  object space 38912K, 15% used [0x00000000e0000000,0x00000000e05f3e98,0x00000000e2600000)
 Metaspace       used 27370K, capacity 27889K, committed 28336K, reserved 1075200K
  class space    used 3237K, capacity 3366K, committed 3504K, reserved 1048576K
}
Event: 51.744 GC heap before
{Heap before GC invocations=13 (full 3):
 PSYoungGen      total 139776K, used 154K [0x00000000f5580000, 0x00000000feb80000, 0x0000000100000000)
  eden space 127488K, 0% used [0x00000000f5580000,0x00000000f5580000,0x00000000fd200000)
  from space 12288K, 1% used [0x00000000fde80000,0x00000000fdea6bc8,0x00000000fea80000)
  to   space 12800K, 0% used [0x00000000fd200000,0x00000000fd200000,0x00000000fde80000)
 ParOldGen       total 38912K, used 6095K [0x00000000e0000000, 0x00000000e2600000, 0x00000000f5580000)
  object space 38912K, 15% used [0x00000000e0000000,0x00000000e05f3e98,0x00000000e2600000)
 Metaspace       used 27370K, capacity 27889K, committed 28336K, reserved 1075200K
  class space    used 3237K, capacity 3366K, committed 3504K, reserved 1048576K
Event: 51.805 GC heap after
Heap after GC invocations=13 (full 3):
 PSYoungGen      total 139776K, used 0K [0x00000000f5580000, 0x00000000feb80000, 0x0000000100000000)
  eden space 127488K, 0% used [0x00000000f5580000,0x00000000f5580000,0x00000000fd200000)
  from space 12288K, 0% used [0x00000000fde80000,0x00000000fde80000,0x00000000fea80000)
  to   space 12800K, 0% used [0x00000000fd200000,0x00000000fd200000,0x00000000fde80000)
 ParOldGen       total 38912K, used 5549K [0x00000000e0000000, 0x00000000e2600000, 0x00000000f5580000)
  object space 38912K, 14% used [0x00000000e0000000,0x00000000e056b7e8,0x00000000e2600000)
 Metaspace       used 27341K, capacity 27855K, committed 28336K, reserved 1075200K
  class space    used 3229K, capacity 3356K, committed 3504K, reserved 1048576K
}
Event: 221.912 GC heap before
{Heap before GC invocations=14 (full 3):
 PSYoungGen      total 139776K, used 118767K [0x00000000f5580000, 0x00000000feb80000, 0x0000000100000000)
  eden space 127488K, 93% used [0x00000000f5580000,0x00000000fc97bf50,0x00000000fd200000)
  from space 12288K, 0% used [0x00000000fde80000,0x00000000fde80000,0x00000000fea80000)
  to   space 12800K, 0% used [0x00000000fd200000,0x00000000fd200000,0x00000000fde80000)
 ParOldGen       total 38912K, used 5549K [0x00000000e0000000, 0x00000000e2600000, 0x00000000f5580000)
  object space 38912K, 14% used [0x00000000e0000000,0x00000000e056b7e8,0x00000000e2600000)
 Metaspace       used 28151K, capacity 29057K, committed 29232K, reserved 1075200K
  class space    used 3327K, capacity 3521K, committed 3632K, reserved 1048576K
Event: 221.987 GC heap after
Heap after GC invocations=14 (full 3):
 PSYoungGen      total 140288K, used 447K [0x00000000f5580000, 0x00000000feb80000, 0x0000000100000000)
  eden space 127488K, 0% used [0x00000000f5580000,0x00000000f5580000,0x00000000fd200000)
  from space 12800K, 3% used [0x00000000fd200000,0x00000000fd26fc10,0x00000000fde80000)
  to   space 12800K, 0% used [0x00000000fdf00000,0x00000000fdf00000,0x00000000feb80000)
 ParOldGen       total 38912K, used 5557K [0x00000000e0000000, 0x00000000e2600000, 0x00000000f5580000)
  object space 38912K, 14% used [0x00000000e0000000,0x00000000e056d7e8,0x00000000e2600000)
 Metaspace       used 28151K, capacity 29057K, committed 29232K, reserved 1075200K
  class space    used 3327K, capacity 3521K, committed 3632K, reserved 1048576K
}
Event: 221.987 GC heap before
{Heap before GC invocations=15 (full 4):
 PSYoungGen      total 140288K, used 447K [0x00000000f5580000, 0x00000000feb80000, 0x0000000100000000)
  eden space 127488K, 0% used [0x00000000f5580000,0x00000000f5580000,0x00000000fd200000)
  from space 12800K, 3% used [0x00000000fd200000,0x00000000fd26fc10,0x00000000fde80000)
  to   space 12800K, 0% used [0x00000000fdf00000,0x00000000fdf00000,0x00000000feb80000)
 ParOldGen       total 38912K, used 5557K [0x00000000e0000000, 0x00000000e2600000, 0x00000000f5580000)
  object space 38912K, 14% used [0x00000000e0000000,0x00000000e056d7e8,0x00000000e2600000)
 Metaspace       used 28151K, capacity 29057K, committed 29232K, reserved 1075200K
  class space    used 3327K, capacity 3521K, committed 3632K, reserved 1048576K
Event: 222.254 GC heap after
Heap after GC invocations=15 (full 4):
 PSYoungGen      total 140288K, used 0K [0x00000000f5580000, 0x00000000feb80000, 0x0000000100000000)
  eden space 127488K, 0% used [0x00000000f5580000,0x00000000f5580000,0x00000000fd200000)
  from space 12800K, 0% used [0x00000000fd200000,0x00000000fd200000,0x00000000fde80000)
  to   space 12800K, 0% used [0x00000000fdf00000,0x00000000fdf00000,0x00000000feb80000)
 ParOldGen       total 38912K, used 5792K [0x00000000e0000000, 0x00000000e2600000, 0x00000000f5580000)
  object space 38912K, 14% used [0x00000000e0000000,0x00000000e05a8010,0x00000000e2600000)
 Metaspace       used 28076K, capacity 28961K, committed 29232K, reserved 1075200K
  class space    used 3307K, capacity 3497K, committed 3632K, reserved 1048576K
}

